2024-04-03 07:30:35,045 - A03 Logger - INFO - 

========== NEW RUN ==========
2024-04-03 07:30:35,047 - A03 Logger - INFO - params are {'year': 2012, 'n_locs': 3}
2024-04-03 07:30:35,047 - A03 Logger - INFO - Performed boundary and validation checks on input params
2024-04-03 07:30:35,048 - A03 Logger - INFO - cleared the data directory data/raw
2024-04-03 07:30:35,049 - A03 Logger - INFO - Fetching data for the year 2012, may take time ...
2024-04-03 07:30:51,033 - A03 Logger - INFO - Few download_urls on the page are ['https://www.ncei.noaa.gov/data/local-climatological-data/access/2012/00702699999.csv', 'https://www.ncei.noaa.gov/data/local-climatological-data/access/2012/00826899999.csv', 'https://www.ncei.noaa.gov/data/local-climatological-data/access/2012/01001099999.csv', 'https://www.ncei.noaa.gov/data/local-climatological-data/access/2012/01001499999.csv', 'https://www.ncei.noaa.gov/data/local-climatological-data/access/2012/01002099999.csv']
2024-04-03 07:30:52,663 - A03 Logger - DEBUG - Unusable csv files at https://www.ncei.noaa.gov/data/local-climatological-data/access/2012/A0573500209.csv, skipping ...
2024-04-03 07:31:04,274 - A03 Logger - INFO - USEFUL CSV DATA found for https://www.ncei.noaa.gov/data/local-climatological-data/access/2012/A0000953862.csv
2024-04-03 07:31:04,665 - A03 Logger - DEBUG - Unusable csv files at https://www.ncei.noaa.gov/data/local-climatological-data/access/2012/A0002453848.csv, skipping ...
2024-04-03 07:31:08,972 - A03 Logger - DEBUG - Unusable csv files at https://www.ncei.noaa.gov/data/local-climatological-data/access/2012/A0002363890.csv, skipping ...
2024-04-03 07:31:10,641 - A03 Logger - DEBUG - Unusable csv files at https://www.ncei.noaa.gov/data/local-climatological-data/access/2012/A0003225715.csv, skipping ...
2024-04-03 07:31:14,902 - A03 Logger - DEBUG - Unusable csv files at https://www.ncei.noaa.gov/data/local-climatological-data/access/2012/A0001704868.csv, skipping ...
2024-04-03 07:31:20,781 - A03 Logger - DEBUG - Unusable csv files at https://www.ncei.noaa.gov/data/local-climatological-data/access/2012/A0001363847.csv, skipping ...
2024-04-03 07:31:24,086 - A03 Logger - DEBUG - Unusable csv files at https://www.ncei.noaa.gov/data/local-climatological-data/access/2012/A0003103725.csv, skipping ...
2024-04-03 07:31:25,355 - A03 Logger - DEBUG - Unusable csv files at https://www.ncei.noaa.gov/data/local-climatological-data/access/2012/A0001953969.csv, skipping ...
2024-04-03 07:31:25,700 - A03 Logger - DEBUG - Unusable csv files at https://www.ncei.noaa.gov/data/local-climatological-data/access/2012/A0000594076.csv, skipping ...
2024-04-03 07:31:27,579 - A03 Logger - DEBUG - Unusable csv files at https://www.ncei.noaa.gov/data/local-climatological-data/access/2012/A0000363844.csv, skipping ...
2024-04-03 07:31:27,945 - A03 Logger - DEBUG - Unusable csv files at https://www.ncei.noaa.gov/data/local-climatological-data/access/2012/A0000453929.csv, skipping ...
2024-04-03 07:31:28,595 - A03 Logger - INFO - USEFUL CSV DATA found for https://www.ncei.noaa.gov/data/local-climatological-data/access/2012/99999994290.csv
2024-04-03 07:31:29,762 - A03 Logger - DEBUG - Unusable csv files at https://www.ncei.noaa.gov/data/local-climatological-data/access/2012/99999994728.csv, skipping ...
2024-04-03 07:31:41,060 - A03 Logger - DEBUG - Unusable csv files at https://www.ncei.noaa.gov/data/local-climatological-data/access/2012/A0000812978.csv, skipping ...
2024-04-03 07:31:41,331 - A03 Logger - DEBUG - Unusable csv files at https://www.ncei.noaa.gov/data/local-climatological-data/access/2012/A0002163884.csv, skipping ...
2024-04-03 07:31:44,835 - A03 Logger - DEBUG - Unusable csv files at https://www.ncei.noaa.gov/data/local-climatological-data/access/2012/A0000253928.csv, skipping ...
2024-04-03 07:32:26,361 - A03 Logger - INFO - USEFUL CSV DATA found for https://www.ncei.noaa.gov/data/local-climatological-data/access/2012/99999994995.csv
2024-04-03 07:36:27,724 - A03 Logger - INFO - Number of useful_urls found is 3
2024-04-03 07:36:27,724 - A03 Logger - INFO - useful_urls found is ['https://www.ncei.noaa.gov/data/local-climatological-data/access/2012/A0000953862.csv', 'https://www.ncei.noaa.gov/data/local-climatological-data/access/2012/99999994290.csv', 'https://www.ncei.noaa.gov/data/local-climatological-data/access/2012/99999994995.csv']
2024-04-03 07:36:37,798 - A03 Logger - INFO - downloading file data/raw\A0000953862.csv to data/raw ...
2024-04-03 07:36:40,224 - A03 Logger - INFO - downloading file data/raw\99999994290.csv to data/raw ...
2024-04-03 07:37:19,683 - A03 Logger - INFO - downloading file data/raw\99999994995.csv to data/raw ...
2024-04-03 07:37:19,685 - A03 Logger - INFO - Success! Files have been downloaded in the data/raw directory
2024-04-03 07:37:23,592 - A03 Logger - INFO - input files are ['data/raw\\99999994290.csv', 'data/raw\\99999994995.csv', 'data/raw\\A0000953862.csv']
2024-04-03 07:37:23,592 - A03 Logger - INFO - extracting monthly aggregate of data/raw\99999994290.csv
2024-04-03 07:37:23,640 - A03 Logger - INFO - extracting monthly aggregate of data/raw\99999994995.csv
2024-04-03 07:37:24,385 - A03 Logger - INFO - extracting monthly aggregate of data/raw\A0000953862.csv
2024-04-03 07:37:24,538 - A03 Logger - INFO - Saved combined aggregates to outputs/processed/ground_truth.csv
2024-04-03 07:37:27,049 - A03 Logger - INFO - computing monthly aggregate of data/raw\99999994290.csv
2024-04-03 07:37:27,102 - A03 Logger - INFO - computing monthly aggregate of data/raw\99999994995.csv
2024-04-03 07:37:28,216 - A03 Logger - INFO - computing monthly aggregate of data/raw\A0000953862.csv
2024-04-03 07:37:28,411 - A03 Logger - INFO - Saved computed aggregates to outputs/processed/computed_aggregates.csv
2024-04-03 07:37:38,015 - A03 Logger - INFO - R^2 score: 0.9997351482672693
2024-04-03 07:37:38,015 - A03 Logger - INFO - Consistent (C)
